<?xml version="1.0" encoding="UTF-8"?>
<!-- Generated by org.testng.reporters.JUnitReportReporter -->
<testsuite hostname="Pankaj_Jha" failures="0" tests="1" name="com.ITlearn3.testcases.DashBoardTestCase" time="10.617" errors="0" timestamp="2024-04-13T16:55:00 IST" skipped="0">
  <testcase classname="com.ITlearn3.testcases.DashBoardTestCase" name="searchCourseTest" time="10.617"/>
</testsuite> <!-- com.ITlearn3.testcases.DashBoardTestCase -->
