<?xml version="1.0" encoding="UTF-8"?>
<!-- Generated by org.testng.reporters.JUnitReportReporter -->
<testsuite hostname="Pankaj_Jha" failures="0" tests="1" name="com.ITlearn3.testcases.SearchTestCase" time="5.430" errors="0" timestamp="2024-04-13T15:56:34 IST" skipped="0">
  <testcase classname="com.ITlearn3.testcases.SearchTestCase" name="searchCourseTest" time="5.430"/>
</testsuite> <!-- com.ITlearn3.testcases.SearchTestCase -->
