<?xml version="1.0" encoding="UTF-8"?>
<!-- Generated by org.testng.reporters.JUnitReportReporter -->
<testsuite hostname="Pankaj_Jha" failures="0" tests="1" name="com.ITlearn3.testcases.TestCaseDemo" time="0.007" errors="0" timestamp="2024-03-30T15:55:21 IST" skipped="0">
  <testcase classname="com.ITlearn3.testcases.TestCaseDemo" name="testCheck" time="0.007"/>
</testsuite> <!-- com.ITlearn3.testcases.TestCaseDemo -->
