<?xml version="1.0" encoding="UTF-8"?>
<!-- Generated by org.testng.reporters.JUnitReportReporter -->
<testsuite hostname="Pankaj_Jha" failures="0" tests="1" name="com.ITlearn3.testcases.PaymentTestCase" time="17.699" errors="0" timestamp="2024-04-13T19:36:37 IST" skipped="0">
  <testcase classname="com.ITlearn3.testcases.PaymentTestCase" name="paymentTest" time="17.699"/>
</testsuite> <!-- com.ITlearn3.testcases.PaymentTestCase -->
